<?xml version="1.0" encoding="UTF-8"?>
<testsuite xmlns:xsi="http://www.w3.org/2001/XMLSchema-instance" xsi:noNamespaceSchemaLocation="https://maven.apache.org/surefire/maven-surefire-plugin/xsd/surefire-test-report.xsd" name="TestSuite" time="0.145" tests="0" errors="0" skipped="0" failures="0">
  <properties>
    <property name="sun.desktop" value="windows"/>
    <property name="awt.toolkit" value="sun.awt.windows.WToolkit"/>
    <property name="file.encoding.pkg" value="sun.io"/>
    <property name="java.specification.version" value="1.8"/>
    <property name="sun.cpu.isalist" value="amd64"/>
    <property name="sun.jnu.encoding" value="Cp1252"/>
    <property name="java.class.path" value="C:\Users\Paul\Documents\ProDyna\personservicething\target\test-classes;C:\Users\Paul\Documents\ProDyna\personservicething\target\classes;C:\Users\Paul\.m2\repository\org\springframework\boot\spring-boot-starter-web\2.2.0.RELEASE\spring-boot-starter-web-2.2.0.RELEASE.jar;C:\Users\Paul\.m2\repository\org\springframework\boot\spring-boot-starter\2.2.0.RELEASE\spring-boot-starter-2.2.0.RELEASE.jar;C:\Users\Paul\.m2\repository\org\springframework\boot\spring-boot\2.2.0.RELEASE\spring-boot-2.2.0.RELEASE.jar;C:\Users\Paul\.m2\repository\org\springframework\boot\spring-boot-autoconfigure\2.2.0.RELEASE\spring-boot-autoconfigure-2.2.0.RELEASE.jar;C:\Users\Paul\.m2\repository\org\springframework\boot\spring-boot-starter-logging\2.2.0.RELEASE\spring-boot-starter-logging-2.2.0.RELEASE.jar;C:\Users\Paul\.m2\repository\ch\qos\logback\logback-classic\1.2.3\logback-classic-1.2.3.jar;C:\Users\Paul\.m2\repository\ch\qos\logback\logback-core\1.2.3\logback-core-1.2.3.jar;C:\Users\Paul\.m2\repository\org\apache\logging\log4j\log4j-to-slf4j\2.12.1\log4j-to-slf4j-2.12.1.jar;C:\Users\Paul\.m2\repository\org\apache\logging\log4j\log4j-api\2.12.1\log4j-api-2.12.1.jar;C:\Users\Paul\.m2\repository\org\slf4j\jul-to-slf4j\1.7.28\jul-to-slf4j-1.7.28.jar;C:\Users\Paul\.m2\repository\org\yaml\snakeyaml\1.25\snakeyaml-1.25.jar;C:\Users\Paul\.m2\repository\org\springframework\boot\spring-boot-starter-json\2.2.0.RELEASE\spring-boot-starter-json-2.2.0.RELEASE.jar;C:\Users\Paul\.m2\repository\com\fasterxml\jackson\core\jackson-databind\2.10.0\jackson-databind-2.10.0.jar;C:\Users\Paul\.m2\repository\com\fasterxml\jackson\core\jackson-annotations\2.10.0\jackson-annotations-2.10.0.jar;C:\Users\Paul\.m2\repository\com\fasterxml\jackson\core\jackson-core\2.10.0\jackson-core-2.10.0.jar;C:\Users\Paul\.m2\repository\com\fasterxml\jackson\datatype\jackson-datatype-jdk8\2.10.0\jackson-datatype-jdk8-2.10.0.jar;C:\Users\Paul\.m2\repository\com\fasterxml\jackson\datatype\jackson-datatype-jsr310\2.10.0\jackson-datatype-jsr310-2.10.0.jar;C:\Users\Paul\.m2\repository\com\fasterxml\jackson\module\jackson-module-parameter-names\2.10.0\jackson-module-parameter-names-2.10.0.jar;C:\Users\Paul\.m2\repository\org\springframework\boot\spring-boot-starter-validation\2.2.0.RELEASE\spring-boot-starter-validation-2.2.0.RELEASE.jar;C:\Users\Paul\.m2\repository\jakarta\validation\jakarta.validation-api\2.0.1\jakarta.validation-api-2.0.1.jar;C:\Users\Paul\.m2\repository\org\hibernate\validator\hibernate-validator\6.0.17.Final\hibernate-validator-6.0.17.Final.jar;C:\Users\Paul\.m2\repository\org\jboss\logging\jboss-logging\3.4.1.Final\jboss-logging-3.4.1.Final.jar;C:\Users\Paul\.m2\repository\com\fasterxml\classmate\1.5.0\classmate-1.5.0.jar;C:\Users\Paul\.m2\repository\org\springframework\spring-web\5.2.0.RELEASE\spring-web-5.2.0.RELEASE.jar;C:\Users\Paul\.m2\repository\org\springframework\spring-beans\5.2.0.RELEASE\spring-beans-5.2.0.RELEASE.jar;C:\Users\Paul\.m2\repository\org\springframework\spring-webmvc\5.2.0.RELEASE\spring-webmvc-5.2.0.RELEASE.jar;C:\Users\Paul\.m2\repository\org\springframework\spring-aop\5.2.0.RELEASE\spring-aop-5.2.0.RELEASE.jar;C:\Users\Paul\.m2\repository\org\springframework\spring-context\5.2.0.RELEASE\spring-context-5.2.0.RELEASE.jar;C:\Users\Paul\.m2\repository\org\springframework\spring-expression\5.2.0.RELEASE\spring-expression-5.2.0.RELEASE.jar;C:\Users\Paul\.m2\repository\org\springframework\boot\spring-boot-starter-tomcat\2.2.0.RELEASE\spring-boot-starter-tomcat-2.2.0.RELEASE.jar;C:\Users\Paul\.m2\repository\jakarta\annotation\jakarta.annotation-api\1.3.5\jakarta.annotation-api-1.3.5.jar;C:\Users\Paul\.m2\repository\org\apache\tomcat\embed\tomcat-embed-core\9.0.27\tomcat-embed-core-9.0.27.jar;C:\Users\Paul\.m2\repository\org\apache\tomcat\embed\tomcat-embed-el\9.0.27\tomcat-embed-el-9.0.27.jar;C:\Users\Paul\.m2\repository\org\apache\tomcat\embed\tomcat-embed-websocket\9.0.27\tomcat-embed-websocket-9.0.27.jar;C:\Users\Paul\.m2\repository\org\springframework\boot\spring-boot-starter-data-mongodb\2.2.0.RELEASE\spring-boot-starter-data-mongodb-2.2.0.RELEASE.jar;C:\Users\Paul\.m2\repository\org\mongodb\mongodb-driver\3.11.1\mongodb-driver-3.11.1.jar;C:\Users\Paul\.m2\repository\org\mongodb\bson\3.11.1\bson-3.11.1.jar;C:\Users\Paul\.m2\repository\org\mongodb\mongodb-driver-core\3.11.1\mongodb-driver-core-3.11.1.jar;C:\Users\Paul\.m2\repository\org\springframework\data\spring-data-mongodb\2.2.0.RELEASE\spring-data-mongodb-2.2.0.RELEASE.jar;C:\Users\Paul\.m2\repository\org\springframework\spring-tx\5.2.0.RELEASE\spring-tx-5.2.0.RELEASE.jar;C:\Users\Paul\.m2\repository\org\springframework\data\spring-data-commons\2.2.0.RELEASE\spring-data-commons-2.2.0.RELEASE.jar;C:\Users\Paul\.m2\repository\org\springframework\boot\spring-boot-starter-test\2.2.0.RELEASE\spring-boot-starter-test-2.2.0.RELEASE.jar;C:\Users\Paul\.m2\repository\org\springframework\boot\spring-boot-test\2.2.0.RELEASE\spring-boot-test-2.2.0.RELEASE.jar;C:\Users\Paul\.m2\repository\org\springframework\boot\spring-boot-test-autoconfigure\2.2.0.RELEASE\spring-boot-test-autoconfigure-2.2.0.RELEASE.jar;C:\Users\Paul\.m2\repository\com\jayway\jsonpath\json-path\2.4.0\json-path-2.4.0.jar;C:\Users\Paul\.m2\repository\net\minidev\json-smart\2.3\json-smart-2.3.jar;C:\Users\Paul\.m2\repository\net\minidev\accessors-smart\1.2\accessors-smart-1.2.jar;C:\Users\Paul\.m2\repository\org\ow2\asm\asm\5.0.4\asm-5.0.4.jar;C:\Users\Paul\.m2\repository\jakarta\xml\bind\jakarta.xml.bind-api\2.3.2\jakarta.xml.bind-api-2.3.2.jar;C:\Users\Paul\.m2\repository\jakarta\activation\jakarta.activation-api\1.2.1\jakarta.activation-api-1.2.1.jar;C:\Users\Paul\.m2\repository\org\junit\jupiter\junit-jupiter\5.5.2\junit-jupiter-5.5.2.jar;C:\Users\Paul\.m2\repository\org\junit\jupiter\junit-jupiter-api\5.5.2\junit-jupiter-api-5.5.2.jar;C:\Users\Paul\.m2\repository\org\apiguardian\apiguardian-api\1.1.0\apiguardian-api-1.1.0.jar;C:\Users\Paul\.m2\repository\org\opentest4j\opentest4j\1.2.0\opentest4j-1.2.0.jar;C:\Users\Paul\.m2\repository\org\junit\platform\junit-platform-commons\1.5.2\junit-platform-commons-1.5.2.jar;C:\Users\Paul\.m2\repository\org\junit\jupiter\junit-jupiter-params\5.5.2\junit-jupiter-params-5.5.2.jar;C:\Users\Paul\.m2\repository\org\junit\jupiter\junit-jupiter-engine\5.5.2\junit-jupiter-engine-5.5.2.jar;C:\Users\Paul\.m2\repository\org\junit\platform\junit-platform-engine\1.5.2\junit-platform-engine-1.5.2.jar;C:\Users\Paul\.m2\repository\org\mockito\mockito-junit-jupiter\3.1.0\mockito-junit-jupiter-3.1.0.jar;C:\Users\Paul\.m2\repository\org\assertj\assertj-core\3.13.2\assertj-core-3.13.2.jar;C:\Users\Paul\.m2\repository\org\hamcrest\hamcrest\2.1\hamcrest-2.1.jar;C:\Users\Paul\.m2\repository\org\mockito\mockito-core\3.1.0\mockito-core-3.1.0.jar;C:\Users\Paul\.m2\repository\net\bytebuddy\byte-buddy\1.10.1\byte-buddy-1.10.1.jar;C:\Users\Paul\.m2\repository\net\bytebuddy\byte-buddy-agent\1.10.1\byte-buddy-agent-1.10.1.jar;C:\Users\Paul\.m2\repository\org\objenesis\objenesis\2.6\objenesis-2.6.jar;C:\Users\Paul\.m2\repository\org\skyscreamer\jsonassert\1.5.0\jsonassert-1.5.0.jar;C:\Users\Paul\.m2\repository\com\vaadin\external\google\android-json\0.0.20131108.vaadin1\android-json-0.0.20131108.vaadin1.jar;C:\Users\Paul\.m2\repository\org\springframework\spring-core\5.2.0.RELEASE\spring-core-5.2.0.RELEASE.jar;C:\Users\Paul\.m2\repository\org\springframework\spring-jcl\5.2.0.RELEASE\spring-jcl-5.2.0.RELEASE.jar;C:\Users\Paul\.m2\repository\org\springframework\spring-test\5.2.0.RELEASE\spring-test-5.2.0.RELEASE.jar;C:\Users\Paul\.m2\repository\org\xmlunit\xmlunit-core\2.6.3\xmlunit-core-2.6.3.jar;C:\Users\Paul\.m2\repository\org\hibernate\hibernate-validator\4.2.0.Final\hibernate-validator-4.2.0.Final.jar;C:\Users\Paul\.m2\repository\javax\validation\validation-api\2.0.1.Final\validation-api-2.0.1.Final.jar;C:\Users\Paul\.m2\repository\org\slf4j\slf4j-api\1.7.28\slf4j-api-1.7.28.jar;C:\Users\Paul\.m2\repository\org\jboss\arquillian\junit\arquillian-junit-container\1.1.10.Final\arquillian-junit-container-1.1.10.Final.jar;C:\Users\Paul\.m2\repository\org\jboss\arquillian\junit\arquillian-junit-core\1.1.10.Final\arquillian-junit-core-1.1.10.Final.jar;C:\Users\Paul\.m2\repository\org\jboss\arquillian\test\arquillian-test-api\1.1.10.Final\arquillian-test-api-1.1.10.Final.jar;C:\Users\Paul\.m2\repository\org\jboss\arquillian\core\arquillian-core-api\1.1.10.Final\arquillian-core-api-1.1.10.Final.jar;C:\Users\Paul\.m2\repository\org\jboss\arquillian\test\arquillian-test-spi\1.1.10.Final\arquillian-test-spi-1.1.10.Final.jar;C:\Users\Paul\.m2\repository\org\jboss\arquillian\container\arquillian-container-test-api\1.1.10.Final\arquillian-container-test-api-1.1.10.Final.jar;C:\Users\Paul\.m2\repository\org\jboss\shrinkwrap\shrinkwrap-api\1.2.2\shrinkwrap-api-1.2.2.jar;C:\Users\Paul\.m2\repository\org\jboss\arquillian\container\arquillian-container-test-spi\1.1.10.Final\arquillian-container-test-spi-1.1.10.Final.jar;C:\Users\Paul\.m2\repository\org\jboss\arquillian\core\arquillian-core-impl-base\1.1.10.Final\arquillian-core-impl-base-1.1.10.Final.jar;C:\Users\Paul\.m2\repository\org\jboss\arquillian\test\arquillian-test-impl-base\1.1.10.Final\arquillian-test-impl-base-1.1.10.Final.jar;C:\Users\Paul\.m2\repository\org\jboss\arquillian\container\arquillian-container-impl-base\1.1.10.Final\arquillian-container-impl-base-1.1.10.Final.jar;C:\Users\Paul\.m2\repository\org\jboss\arquillian\config\arquillian-config-api\1.1.10.Final\arquillian-config-api-1.1.10.Final.jar;C:\Users\Paul\.m2\repository\org\jboss\arquillian\config\arquillian-config-impl-base\1.1.10.Final\arquillian-config-impl-base-1.1.10.Final.jar;C:\Users\Paul\.m2\repository\org\jboss\shrinkwrap\descriptors\shrinkwrap-descriptors-spi\2.0.0-alpha-8\shrinkwrap-descriptors-spi-2.0.0-alpha-8.jar;C:\Users\Paul\.m2\repository\org\jboss\arquillian\container\arquillian-container-test-impl-base\1.1.10.Final\arquillian-container-test-impl-base-1.1.10.Final.jar;C:\Users\Paul\.m2\repository\org\jboss\shrinkwrap\shrinkwrap-impl-base\1.2.2\shrinkwrap-impl-base-1.2.2.jar;C:\Users\Paul\.m2\repository\org\jboss\shrinkwrap\shrinkwrap-spi\1.2.2\shrinkwrap-spi-1.2.2.jar;C:\Users\Paul\.m2\repository\org\jboss\arquillian\container\arquillian-weld-ee-embedded-1.1\1.0.0.CR3\arquillian-weld-ee-embedded-1.1-1.0.0.CR3.jar;C:\Users\Paul\.m2\repository\org\jboss\arquillian\container\arquillian-container-spi\1.1.10.Final\arquillian-container-spi-1.1.10.Final.jar;C:\Users\Paul\.m2\repository\org\jboss\shrinkwrap\descriptors\shrinkwrap-descriptors-api-base\2.0.0-alpha-8\shrinkwrap-descriptors-api-base-2.0.0-alpha-8.jar;C:\Users\Paul\.m2\repository\org\jboss\arquillian\testenricher\arquillian-testenricher-cdi\1.1.10.Final\arquillian-testenricher-cdi-1.1.10.Final.jar;C:\Users\Paul\.m2\repository\org\jboss\weld\weld-core\1.1.5.Final\weld-core-1.1.5.Final.jar;C:\Users\Paul\.m2\repository\javax\enterprise\cdi-api\1.0-SP4\cdi-api-1.0-SP4.jar;C:\Users\Paul\.m2\repository\javax\inject\javax.inject\1\javax.inject-1.jar;C:\Users\Paul\.m2\repository\org\jboss\weld\weld-api\1.1.Final\weld-api-1.1.Final.jar;C:\Users\Paul\.m2\repository\org\jboss\weld\weld-spi\1.1.Final\weld-spi-1.1.Final.jar;C:\Users\Paul\.m2\repository\javax\annotation\jsr250-api\1.0\jsr250-api-1.0.jar;C:\Users\Paul\.m2\repository\org\javassist\javassist\3.14.0-GA\javassist-3.14.0-GA.jar;C:\Users\Paul\.m2\repository\com\google\guava\guava\r06\guava-r06.jar;C:\Users\Paul\.m2\repository\org\jboss\spec\javax\interceptor\jboss-interceptors-api_1.1_spec\1.0.0.Beta1\jboss-interceptors-api_1.1_spec-1.0.0.Beta1.jar;C:\Users\Paul\.m2\repository\org\jboss\interceptor\jboss-interceptor-spi\2.0.0.CR1\jboss-interceptor-spi-2.0.0.CR1.jar;C:\Users\Paul\.m2\repository\org\jboss\interceptor\jboss-interceptor-core\2.0.0.CR1\jboss-interceptor-core-2.0.0.CR1.jar;C:\Users\Paul\.m2\repository\org\slf4j\slf4j-ext\1.7.28\slf4j-ext-1.7.28.jar;C:\Users\Paul\.m2\repository\ch\qos\cal10n\cal10n-api\0.7.2\cal10n-api-0.7.2.jar;C:\Users\Paul\.m2\repository\org\jboss\weld\weld-build-config\1.1.5.Final\weld-build-config-1.1.5.Final.jar;C:\Users\Paul\.m2\repository\org\jboss\arquillian\extension\arquillian-seam2\1.0.0.Beta1\arquillian-seam2-1.0.0.Beta1.jar;C:\Users\Paul\.m2\repository\org\jboss\arquillian\core\arquillian-core-spi\1.1.10.Final\arquillian-core-spi-1.1.10.Final.jar;C:\Users\Paul\.m2\repository\org\jboss\shrinkwrap\resolver\shrinkwrap-resolver-api-maven\2.2.0\shrinkwrap-resolver-api-maven-2.2.0.jar;C:\Users\Paul\.m2\repository\org\jboss\shrinkwrap\resolver\shrinkwrap-resolver-api\2.2.0\shrinkwrap-resolver-api-2.2.0.jar;C:\Users\Paul\.m2\repository\org\jboss\shrinkwrap\resolver\shrinkwrap-resolver-impl-maven\2.2.0\shrinkwrap-resolver-impl-maven-2.2.0.jar;C:\Users\Paul\.m2\repository\org\jboss\shrinkwrap\resolver\shrinkwrap-resolver-spi-maven\2.2.0\shrinkwrap-resolver-spi-maven-2.2.0.jar;C:\Users\Paul\.m2\repository\org\jboss\shrinkwrap\resolver\shrinkwrap-resolver-spi\2.2.0\shrinkwrap-resolver-spi-2.2.0.jar;C:\Users\Paul\.m2\repository\org\eclipse\aether\aether-api\1.0.0.v20140518\aether-api-1.0.0.v20140518.jar;C:\Users\Paul\.m2\repository\org\eclipse\aether\aether-impl\1.0.0.v20140518\aether-impl-1.0.0.v20140518.jar;C:\Users\Paul\.m2\repository\org\eclipse\aether\aether-spi\1.0.0.v20140518\aether-spi-1.0.0.v20140518.jar;C:\Users\Paul\.m2\repository\org\eclipse\aether\aether-util\1.0.0.v20140518\aether-util-1.0.0.v20140518.jar;C:\Users\Paul\.m2\repository\org\eclipse\aether\aether-connector-basic\1.0.0.v20140518\aether-connector-basic-1.0.0.v20140518.jar;C:\Users\Paul\.m2\repository\org\eclipse\aether\aether-transport-wagon\1.0.0.v20140518\aether-transport-wagon-1.0.0.v20140518.jar;C:\Users\Paul\.m2\repository\org\apache\maven\maven-aether-provider\3.2.5\maven-aether-provider-3.2.5.jar;C:\Users\Paul\.m2\repository\org\apache\maven\maven-model\3.2.5\maven-model-3.2.5.jar;C:\Users\Paul\.m2\repository\org\apache\maven\maven-model-builder\3.2.5\maven-model-builder-3.2.5.jar;C:\Users\Paul\.m2\repository\org\codehaus\plexus\plexus-component-annotations\1.5.5\plexus-component-annotations-1.5.5.jar;C:\Users\Paul\.m2\repository\org\apache\maven\maven-repository-metadata\3.2.5\maven-repository-metadata-3.2.5.jar;C:\Users\Paul\.m2\repository\org\apache\maven\maven-settings\3.2.5\maven-settings-3.2.5.jar;C:\Users\Paul\.m2\repository\org\apache\maven\maven-settings-builder\3.2.5\maven-settings-builder-3.2.5.jar;C:\Users\Paul\.m2\repository\org\codehaus\plexus\plexus-interpolation\1.21\plexus-interpolation-1.21.jar;C:\Users\Paul\.m2\repository\org\codehaus\plexus\plexus-utils\3.0.20\plexus-utils-3.0.20.jar;C:\Users\Paul\.m2\repository\org\sonatype\plexus\plexus-sec-dispatcher\1.3\plexus-sec-dispatcher-1.3.jar;C:\Users\Paul\.m2\repository\org\sonatype\plexus\plexus-cipher\1.4\plexus-cipher-1.4.jar;C:\Users\Paul\.m2\repository\org\apache\maven\wagon\wagon-provider-api\2.6\wagon-provider-api-2.6.jar;C:\Users\Paul\.m2\repository\org\apache\maven\wagon\wagon-file\2.6\wagon-file-2.6.jar;C:\Users\Paul\.m2\repository\commons-lang\commons-lang\2.6\commons-lang-2.6.jar;C:\Users\Paul\.m2\repository\org\apache\maven\wagon\wagon-http-lightweight\2.6\wagon-http-lightweight-2.6.jar;C:\Users\Paul\.m2\repository\org\apache\maven\wagon\wagon-http-shared\2.6\wagon-http-shared-2.6.jar;C:\Users\Paul\.m2\repository\org\jsoup\jsoup\1.7.2\jsoup-1.7.2.jar;C:\Users\Paul\.m2\repository\commons-io\commons-io\2.2\commons-io-2.2.jar;C:\Users\Paul\.m2\repository\org\jboss\shrinkwrap\descriptors\shrinkwrap-descriptors-api-javaee\2.0.0-alpha-8\shrinkwrap-descriptors-api-javaee-2.0.0-alpha-8.jar;C:\Users\Paul\.m2\repository\org\jboss\shrinkwrap\descriptors\shrinkwrap-descriptors-api-jboss\2.0.0-alpha-8\shrinkwrap-descriptors-api-jboss-2.0.0-alpha-8.jar;C:\Users\Paul\.m2\repository\org\jboss\shrinkwrap\descriptors\shrinkwrap-descriptors-impl-base\2.0.0-alpha-8\shrinkwrap-descriptors-impl-base-2.0.0-alpha-8.jar;C:\Users\Paul\.m2\repository\org\jboss\shrinkwrap\descriptors\shrinkwrap-descriptors-impl-javaee\2.0.0-alpha-8\shrinkwrap-descriptors-impl-javaee-2.0.0-alpha-8.jar;C:\Users\Paul\.m2\repository\org\jboss\shrinkwrap\descriptors\shrinkwrap-descriptors-impl-jboss\2.0.0-alpha-8\shrinkwrap-descriptors-impl-jboss-2.0.0-alpha-8.jar;C:\Users\Paul\.m2\repository\org\glassfish\main\extras\glassfish-embedded-all\4.1.2\glassfish-embedded-all-4.1.2.jar;C:\Program Files\Java\jdk1.8.0_191\jre\..\lib\tools.jar;C:\Users\Paul\.m2\repository\org\jboss\arquillian\container\arquillian-glassfish-embedded-3.1\1.0.0.Final\arquillian-glassfish-embedded-3.1-1.0.0.Final.jar;C:\Users\Paul\.m2\repository\org\jboss\arquillian\protocol\arquillian-protocol-servlet\1.1.10.Final\arquillian-protocol-servlet-1.1.10.Final.jar;C:\Users\Paul\.m2\repository\org\jboss\arquillian\testenricher\arquillian-testenricher-ejb\1.1.10.Final\arquillian-testenricher-ejb-1.1.10.Final.jar;C:\Users\Paul\.m2\repository\org\jboss\arquillian\testenricher\arquillian-testenricher-resource\1.1.10.Final\arquillian-testenricher-resource-1.1.10.Final.jar;C:\Users\Paul\.m2\repository\org\jboss\arquillian\testenricher\arquillian-testenricher-initialcontext\1.1.10.Final\arquillian-testenricher-initialcontext-1.1.10.Final.jar;C:\Users\Paul\.m2\repository\org\jboss\seam\jboss-seam\2.3.5.Final-redhat-1\jboss-seam-2.3.5.Final-redhat-1.jar;C:\Users\Paul\.m2\repository\org\testng\testng\5.14.10\testng-5.14.10.jar;C:\Users\Paul\.m2\repository\org\beanshell\bsh\2.0b4\bsh-2.0b4.jar;C:\Users\Paul\.m2\repository\com\beust\jcommander\1.12\jcommander-1.12.jar;C:\Users\Paul\.m2\repository\junit\junit\4.12\junit-4.12.jar;C:\Users\Paul\.m2\repository\org\hamcrest\hamcrest-core\2.1\hamcrest-core-2.1.jar;C:\Users\Paul\.m2\repository\org\jboss\el\jboss-el\1.0_02.CR6\jboss-el-1.0_02.CR6.jar;C:\Users\Paul\.m2\repository\javax\el\el-api\1.0\el-api-1.0.jar;"/>
    <property name="java.vm.vendor" value="Oracle Corporation"/>
    <property name="sun.arch.data.model" value="64"/>
    <property name="user.variant" value=""/>
    <property name="java.vendor.url" value="http://java.oracle.com/"/>
    <property name="user.timezone" value="Europe/Berlin"/>
    <property name="java.vm.specification.version" value="1.8"/>
    <property name="os.name" value="Windows 10"/>
    <property name="user.country" value="DE"/>
    <property name="sun.java.launcher" value="SUN_STANDARD"/>
    <property name="sun.boot.library.path" value="C:\Program Files\Java\jdk1.8.0_191\jre\bin"/>
    <property name="sun.java.command" value="C:\Users\Paul\AppData\Local\Temp\surefire8929474973018850916\surefirebooter7811646838385197483.jar C:\Users\Paul\AppData\Local\Temp\surefire8929474973018850916 2019-10-23T23-43-04_324-jvmRun1 surefire8327441177587425413tmp surefire_05280399811308895752tmp"/>
    <property name="surefire.test.class.path" value="C:\Users\Paul\Documents\ProDyna\personservicething\target\test-classes;C:\Users\Paul\Documents\ProDyna\personservicething\target\classes;C:\Users\Paul\.m2\repository\org\springframework\boot\spring-boot-starter-web\2.2.0.RELEASE\spring-boot-starter-web-2.2.0.RELEASE.jar;C:\Users\Paul\.m2\repository\org\springframework\boot\spring-boot-starter\2.2.0.RELEASE\spring-boot-starter-2.2.0.RELEASE.jar;C:\Users\Paul\.m2\repository\org\springframework\boot\spring-boot\2.2.0.RELEASE\spring-boot-2.2.0.RELEASE.jar;C:\Users\Paul\.m2\repository\org\springframework\boot\spring-boot-autoconfigure\2.2.0.RELEASE\spring-boot-autoconfigure-2.2.0.RELEASE.jar;C:\Users\Paul\.m2\repository\org\springframework\boot\spring-boot-starter-logging\2.2.0.RELEASE\spring-boot-starter-logging-2.2.0.RELEASE.jar;C:\Users\Paul\.m2\repository\ch\qos\logback\logback-classic\1.2.3\logback-classic-1.2.3.jar;C:\Users\Paul\.m2\repository\ch\qos\logback\logback-core\1.2.3\logback-core-1.2.3.jar;C:\Users\Paul\.m2\repository\org\apache\logging\log4j\log4j-to-slf4j\2.12.1\log4j-to-slf4j-2.12.1.jar;C:\Users\Paul\.m2\repository\org\apache\logging\log4j\log4j-api\2.12.1\log4j-api-2.12.1.jar;C:\Users\Paul\.m2\repository\org\slf4j\jul-to-slf4j\1.7.28\jul-to-slf4j-1.7.28.jar;C:\Users\Paul\.m2\repository\org\yaml\snakeyaml\1.25\snakeyaml-1.25.jar;C:\Users\Paul\.m2\repository\org\springframework\boot\spring-boot-starter-json\2.2.0.RELEASE\spring-boot-starter-json-2.2.0.RELEASE.jar;C:\Users\Paul\.m2\repository\com\fasterxml\jackson\core\jackson-databind\2.10.0\jackson-databind-2.10.0.jar;C:\Users\Paul\.m2\repository\com\fasterxml\jackson\core\jackson-annotations\2.10.0\jackson-annotations-2.10.0.jar;C:\Users\Paul\.m2\repository\com\fasterxml\jackson\core\jackson-core\2.10.0\jackson-core-2.10.0.jar;C:\Users\Paul\.m2\repository\com\fasterxml\jackson\datatype\jackson-datatype-jdk8\2.10.0\jackson-datatype-jdk8-2.10.0.jar;C:\Users\Paul\.m2\repository\com\fasterxml\jackson\datatype\jackson-datatype-jsr310\2.10.0\jackson-datatype-jsr310-2.10.0.jar;C:\Users\Paul\.m2\repository\com\fasterxml\jackson\module\jackson-module-parameter-names\2.10.0\jackson-module-parameter-names-2.10.0.jar;C:\Users\Paul\.m2\repository\org\springframework\boot\spring-boot-starter-validation\2.2.0.RELEASE\spring-boot-starter-validation-2.2.0.RELEASE.jar;C:\Users\Paul\.m2\repository\jakarta\validation\jakarta.validation-api\2.0.1\jakarta.validation-api-2.0.1.jar;C:\Users\Paul\.m2\repository\org\hibernate\validator\hibernate-validator\6.0.17.Final\hibernate-validator-6.0.17.Final.jar;C:\Users\Paul\.m2\repository\org\jboss\logging\jboss-logging\3.4.1.Final\jboss-logging-3.4.1.Final.jar;C:\Users\Paul\.m2\repository\com\fasterxml\classmate\1.5.0\classmate-1.5.0.jar;C:\Users\Paul\.m2\repository\org\springframework\spring-web\5.2.0.RELEASE\spring-web-5.2.0.RELEASE.jar;C:\Users\Paul\.m2\repository\org\springframework\spring-beans\5.2.0.RELEASE\spring-beans-5.2.0.RELEASE.jar;C:\Users\Paul\.m2\repository\org\springframework\spring-webmvc\5.2.0.RELEASE\spring-webmvc-5.2.0.RELEASE.jar;C:\Users\Paul\.m2\repository\org\springframework\spring-aop\5.2.0.RELEASE\spring-aop-5.2.0.RELEASE.jar;C:\Users\Paul\.m2\repository\org\springframework\spring-context\5.2.0.RELEASE\spring-context-5.2.0.RELEASE.jar;C:\Users\Paul\.m2\repository\org\springframework\spring-expression\5.2.0.RELEASE\spring-expression-5.2.0.RELEASE.jar;C:\Users\Paul\.m2\repository\org\springframework\boot\spring-boot-starter-tomcat\2.2.0.RELEASE\spring-boot-starter-tomcat-2.2.0.RELEASE.jar;C:\Users\Paul\.m2\repository\jakarta\annotation\jakarta.annotation-api\1.3.5\jakarta.annotation-api-1.3.5.jar;C:\Users\Paul\.m2\repository\org\apache\tomcat\embed\tomcat-embed-core\9.0.27\tomcat-embed-core-9.0.27.jar;C:\Users\Paul\.m2\repository\org\apache\tomcat\embed\tomcat-embed-el\9.0.27\tomcat-embed-el-9.0.27.jar;C:\Users\Paul\.m2\repository\org\apache\tomcat\embed\tomcat-embed-websocket\9.0.27\tomcat-embed-websocket-9.0.27.jar;C:\Users\Paul\.m2\repository\org\springframework\boot\spring-boot-starter-data-mongodb\2.2.0.RELEASE\spring-boot-starter-data-mongodb-2.2.0.RELEASE.jar;C:\Users\Paul\.m2\repository\org\mongodb\mongodb-driver\3.11.1\mongodb-driver-3.11.1.jar;C:\Users\Paul\.m2\repository\org\mongodb\bson\3.11.1\bson-3.11.1.jar;C:\Users\Paul\.m2\repository\org\mongodb\mongodb-driver-core\3.11.1\mongodb-driver-core-3.11.1.jar;C:\Users\Paul\.m2\repository\org\springframework\data\spring-data-mongodb\2.2.0.RELEASE\spring-data-mongodb-2.2.0.RELEASE.jar;C:\Users\Paul\.m2\repository\org\springframework\spring-tx\5.2.0.RELEASE\spring-tx-5.2.0.RELEASE.jar;C:\Users\Paul\.m2\repository\org\springframework\data\spring-data-commons\2.2.0.RELEASE\spring-data-commons-2.2.0.RELEASE.jar;C:\Users\Paul\.m2\repository\org\springframework\boot\spring-boot-starter-test\2.2.0.RELEASE\spring-boot-starter-test-2.2.0.RELEASE.jar;C:\Users\Paul\.m2\repository\org\springframework\boot\spring-boot-test\2.2.0.RELEASE\spring-boot-test-2.2.0.RELEASE.jar;C:\Users\Paul\.m2\repository\org\springframework\boot\spring-boot-test-autoconfigure\2.2.0.RELEASE\spring-boot-test-autoconfigure-2.2.0.RELEASE.jar;C:\Users\Paul\.m2\repository\com\jayway\jsonpath\json-path\2.4.0\json-path-2.4.0.jar;C:\Users\Paul\.m2\repository\net\minidev\json-smart\2.3\json-smart-2.3.jar;C:\Users\Paul\.m2\repository\net\minidev\accessors-smart\1.2\accessors-smart-1.2.jar;C:\Users\Paul\.m2\repository\org\ow2\asm\asm\5.0.4\asm-5.0.4.jar;C:\Users\Paul\.m2\repository\jakarta\xml\bind\jakarta.xml.bind-api\2.3.2\jakarta.xml.bind-api-2.3.2.jar;C:\Users\Paul\.m2\repository\jakarta\activation\jakarta.activation-api\1.2.1\jakarta.activation-api-1.2.1.jar;C:\Users\Paul\.m2\repository\org\junit\jupiter\junit-jupiter\5.5.2\junit-jupiter-5.5.2.jar;C:\Users\Paul\.m2\repository\org\junit\jupiter\junit-jupiter-api\5.5.2\junit-jupiter-api-5.5.2.jar;C:\Users\Paul\.m2\repository\org\apiguardian\apiguardian-api\1.1.0\apiguardian-api-1.1.0.jar;C:\Users\Paul\.m2\repository\org\opentest4j\opentest4j\1.2.0\opentest4j-1.2.0.jar;C:\Users\Paul\.m2\repository\org\junit\platform\junit-platform-commons\1.5.2\junit-platform-commons-1.5.2.jar;C:\Users\Paul\.m2\repository\org\junit\jupiter\junit-jupiter-params\5.5.2\junit-jupiter-params-5.5.2.jar;C:\Users\Paul\.m2\repository\org\junit\jupiter\junit-jupiter-engine\5.5.2\junit-jupiter-engine-5.5.2.jar;C:\Users\Paul\.m2\repository\org\junit\platform\junit-platform-engine\1.5.2\junit-platform-engine-1.5.2.jar;C:\Users\Paul\.m2\repository\org\mockito\mockito-junit-jupiter\3.1.0\mockito-junit-jupiter-3.1.0.jar;C:\Users\Paul\.m2\repository\org\assertj\assertj-core\3.13.2\assertj-core-3.13.2.jar;C:\Users\Paul\.m2\repository\org\hamcrest\hamcrest\2.1\hamcrest-2.1.jar;C:\Users\Paul\.m2\repository\org\mockito\mockito-core\3.1.0\mockito-core-3.1.0.jar;C:\Users\Paul\.m2\repository\net\bytebuddy\byte-buddy\1.10.1\byte-buddy-1.10.1.jar;C:\Users\Paul\.m2\repository\net\bytebuddy\byte-buddy-agent\1.10.1\byte-buddy-agent-1.10.1.jar;C:\Users\Paul\.m2\repository\org\objenesis\objenesis\2.6\objenesis-2.6.jar;C:\Users\Paul\.m2\repository\org\skyscreamer\jsonassert\1.5.0\jsonassert-1.5.0.jar;C:\Users\Paul\.m2\repository\com\vaadin\external\google\android-json\0.0.20131108.vaadin1\android-json-0.0.20131108.vaadin1.jar;C:\Users\Paul\.m2\repository\org\springframework\spring-core\5.2.0.RELEASE\spring-core-5.2.0.RELEASE.jar;C:\Users\Paul\.m2\repository\org\springframework\spring-jcl\5.2.0.RELEASE\spring-jcl-5.2.0.RELEASE.jar;C:\Users\Paul\.m2\repository\org\springframework\spring-test\5.2.0.RELEASE\spring-test-5.2.0.RELEASE.jar;C:\Users\Paul\.m2\repository\org\xmlunit\xmlunit-core\2.6.3\xmlunit-core-2.6.3.jar;C:\Users\Paul\.m2\repository\org\hibernate\hibernate-validator\4.2.0.Final\hibernate-validator-4.2.0.Final.jar;C:\Users\Paul\.m2\repository\javax\validation\validation-api\2.0.1.Final\validation-api-2.0.1.Final.jar;C:\Users\Paul\.m2\repository\org\slf4j\slf4j-api\1.7.28\slf4j-api-1.7.28.jar;C:\Users\Paul\.m2\repository\org\jboss\arquillian\junit\arquillian-junit-container\1.1.10.Final\arquillian-junit-container-1.1.10.Final.jar;C:\Users\Paul\.m2\repository\org\jboss\arquillian\junit\arquillian-junit-core\1.1.10.Final\arquillian-junit-core-1.1.10.Final.jar;C:\Users\Paul\.m2\repository\org\jboss\arquillian\test\arquillian-test-api\1.1.10.Final\arquillian-test-api-1.1.10.Final.jar;C:\Users\Paul\.m2\repository\org\jboss\arquillian\core\arquillian-core-api\1.1.10.Final\arquillian-core-api-1.1.10.Final.jar;C:\Users\Paul\.m2\repository\org\jboss\arquillian\test\arquillian-test-spi\1.1.10.Final\arquillian-test-spi-1.1.10.Final.jar;C:\Users\Paul\.m2\repository\org\jboss\arquillian\container\arquillian-container-test-api\1.1.10.Final\arquillian-container-test-api-1.1.10.Final.jar;C:\Users\Paul\.m2\repository\org\jboss\shrinkwrap\shrinkwrap-api\1.2.2\shrinkwrap-api-1.2.2.jar;C:\Users\Paul\.m2\repository\org\jboss\arquillian\container\arquillian-container-test-spi\1.1.10.Final\arquillian-container-test-spi-1.1.10.Final.jar;C:\Users\Paul\.m2\repository\org\jboss\arquillian\core\arquillian-core-impl-base\1.1.10.Final\arquillian-core-impl-base-1.1.10.Final.jar;C:\Users\Paul\.m2\repository\org\jboss\arquillian\test\arquillian-test-impl-base\1.1.10.Final\arquillian-test-impl-base-1.1.10.Final.jar;C:\Users\Paul\.m2\repository\org\jboss\arquillian\container\arquillian-container-impl-base\1.1.10.Final\arquillian-container-impl-base-1.1.10.Final.jar;C:\Users\Paul\.m2\repository\org\jboss\arquillian\config\arquillian-config-api\1.1.10.Final\arquillian-config-api-1.1.10.Final.jar;C:\Users\Paul\.m2\repository\org\jboss\arquillian\config\arquillian-config-impl-base\1.1.10.Final\arquillian-config-impl-base-1.1.10.Final.jar;C:\Users\Paul\.m2\repository\org\jboss\shrinkwrap\descriptors\shrinkwrap-descriptors-spi\2.0.0-alpha-8\shrinkwrap-descriptors-spi-2.0.0-alpha-8.jar;C:\Users\Paul\.m2\repository\org\jboss\arquillian\container\arquillian-container-test-impl-base\1.1.10.Final\arquillian-container-test-impl-base-1.1.10.Final.jar;C:\Users\Paul\.m2\repository\org\jboss\shrinkwrap\shrinkwrap-impl-base\1.2.2\shrinkwrap-impl-base-1.2.2.jar;C:\Users\Paul\.m2\repository\org\jboss\shrinkwrap\shrinkwrap-spi\1.2.2\shrinkwrap-spi-1.2.2.jar;C:\Users\Paul\.m2\repository\org\jboss\arquillian\container\arquillian-weld-ee-embedded-1.1\1.0.0.CR3\arquillian-weld-ee-embedded-1.1-1.0.0.CR3.jar;C:\Users\Paul\.m2\repository\org\jboss\arquillian\container\arquillian-container-spi\1.1.10.Final\arquillian-container-spi-1.1.10.Final.jar;C:\Users\Paul\.m2\repository\org\jboss\shrinkwrap\descriptors\shrinkwrap-descriptors-api-base\2.0.0-alpha-8\shrinkwrap-descriptors-api-base-2.0.0-alpha-8.jar;C:\Users\Paul\.m2\repository\org\jboss\arquillian\testenricher\arquillian-testenricher-cdi\1.1.10.Final\arquillian-testenricher-cdi-1.1.10.Final.jar;C:\Users\Paul\.m2\repository\org\jboss\weld\weld-core\1.1.5.Final\weld-core-1.1.5.Final.jar;C:\Users\Paul\.m2\repository\javax\enterprise\cdi-api\1.0-SP4\cdi-api-1.0-SP4.jar;C:\Users\Paul\.m2\repository\javax\inject\javax.inject\1\javax.inject-1.jar;C:\Users\Paul\.m2\repository\org\jboss\weld\weld-api\1.1.Final\weld-api-1.1.Final.jar;C:\Users\Paul\.m2\repository\org\jboss\weld\weld-spi\1.1.Final\weld-spi-1.1.Final.jar;C:\Users\Paul\.m2\repository\javax\annotation\jsr250-api\1.0\jsr250-api-1.0.jar;C:\Users\Paul\.m2\repository\org\javassist\javassist\3.14.0-GA\javassist-3.14.0-GA.jar;C:\Users\Paul\.m2\repository\com\google\guava\guava\r06\guava-r06.jar;C:\Users\Paul\.m2\repository\org\jboss\spec\javax\interceptor\jboss-interceptors-api_1.1_spec\1.0.0.Beta1\jboss-interceptors-api_1.1_spec-1.0.0.Beta1.jar;C:\Users\Paul\.m2\repository\org\jboss\interceptor\jboss-interceptor-spi\2.0.0.CR1\jboss-interceptor-spi-2.0.0.CR1.jar;C:\Users\Paul\.m2\repository\org\jboss\interceptor\jboss-interceptor-core\2.0.0.CR1\jboss-interceptor-core-2.0.0.CR1.jar;C:\Users\Paul\.m2\repository\org\slf4j\slf4j-ext\1.7.28\slf4j-ext-1.7.28.jar;C:\Users\Paul\.m2\repository\ch\qos\cal10n\cal10n-api\0.7.2\cal10n-api-0.7.2.jar;C:\Users\Paul\.m2\repository\org\jboss\weld\weld-build-config\1.1.5.Final\weld-build-config-1.1.5.Final.jar;C:\Users\Paul\.m2\repository\org\jboss\arquillian\extension\arquillian-seam2\1.0.0.Beta1\arquillian-seam2-1.0.0.Beta1.jar;C:\Users\Paul\.m2\repository\org\jboss\arquillian\core\arquillian-core-spi\1.1.10.Final\arquillian-core-spi-1.1.10.Final.jar;C:\Users\Paul\.m2\repository\org\jboss\shrinkwrap\resolver\shrinkwrap-resolver-api-maven\2.2.0\shrinkwrap-resolver-api-maven-2.2.0.jar;C:\Users\Paul\.m2\repository\org\jboss\shrinkwrap\resolver\shrinkwrap-resolver-api\2.2.0\shrinkwrap-resolver-api-2.2.0.jar;C:\Users\Paul\.m2\repository\org\jboss\shrinkwrap\resolver\shrinkwrap-resolver-impl-maven\2.2.0\shrinkwrap-resolver-impl-maven-2.2.0.jar;C:\Users\Paul\.m2\repository\org\jboss\shrinkwrap\resolver\shrinkwrap-resolver-spi-maven\2.2.0\shrinkwrap-resolver-spi-maven-2.2.0.jar;C:\Users\Paul\.m2\repository\org\jboss\shrinkwrap\resolver\shrinkwrap-resolver-spi\2.2.0\shrinkwrap-resolver-spi-2.2.0.jar;C:\Users\Paul\.m2\repository\org\eclipse\aether\aether-api\1.0.0.v20140518\aether-api-1.0.0.v20140518.jar;C:\Users\Paul\.m2\repository\org\eclipse\aether\aether-impl\1.0.0.v20140518\aether-impl-1.0.0.v20140518.jar;C:\Users\Paul\.m2\repository\org\eclipse\aether\aether-spi\1.0.0.v20140518\aether-spi-1.0.0.v20140518.jar;C:\Users\Paul\.m2\repository\org\eclipse\aether\aether-util\1.0.0.v20140518\aether-util-1.0.0.v20140518.jar;C:\Users\Paul\.m2\repository\org\eclipse\aether\aether-connector-basic\1.0.0.v20140518\aether-connector-basic-1.0.0.v20140518.jar;C:\Users\Paul\.m2\repository\org\eclipse\aether\aether-transport-wagon\1.0.0.v20140518\aether-transport-wagon-1.0.0.v20140518.jar;C:\Users\Paul\.m2\repository\org\apache\maven\maven-aether-provider\3.2.5\maven-aether-provider-3.2.5.jar;C:\Users\Paul\.m2\repository\org\apache\maven\maven-model\3.2.5\maven-model-3.2.5.jar;C:\Users\Paul\.m2\repository\org\apache\maven\maven-model-builder\3.2.5\maven-model-builder-3.2.5.jar;C:\Users\Paul\.m2\repository\org\codehaus\plexus\plexus-component-annotations\1.5.5\plexus-component-annotations-1.5.5.jar;C:\Users\Paul\.m2\repository\org\apache\maven\maven-repository-metadata\3.2.5\maven-repository-metadata-3.2.5.jar;C:\Users\Paul\.m2\repository\org\apache\maven\maven-settings\3.2.5\maven-settings-3.2.5.jar;C:\Users\Paul\.m2\repository\org\apache\maven\maven-settings-builder\3.2.5\maven-settings-builder-3.2.5.jar;C:\Users\Paul\.m2\repository\org\codehaus\plexus\plexus-interpolation\1.21\plexus-interpolation-1.21.jar;C:\Users\Paul\.m2\repository\org\codehaus\plexus\plexus-utils\3.0.20\plexus-utils-3.0.20.jar;C:\Users\Paul\.m2\repository\org\sonatype\plexus\plexus-sec-dispatcher\1.3\plexus-sec-dispatcher-1.3.jar;C:\Users\Paul\.m2\repository\org\sonatype\plexus\plexus-cipher\1.4\plexus-cipher-1.4.jar;C:\Users\Paul\.m2\repository\org\apache\maven\wagon\wagon-provider-api\2.6\wagon-provider-api-2.6.jar;C:\Users\Paul\.m2\repository\org\apache\maven\wagon\wagon-file\2.6\wagon-file-2.6.jar;C:\Users\Paul\.m2\repository\commons-lang\commons-lang\2.6\commons-lang-2.6.jar;C:\Users\Paul\.m2\repository\org\apache\maven\wagon\wagon-http-lightweight\2.6\wagon-http-lightweight-2.6.jar;C:\Users\Paul\.m2\repository\org\apache\maven\wagon\wagon-http-shared\2.6\wagon-http-shared-2.6.jar;C:\Users\Paul\.m2\repository\org\jsoup\jsoup\1.7.2\jsoup-1.7.2.jar;C:\Users\Paul\.m2\repository\commons-io\commons-io\2.2\commons-io-2.2.jar;C:\Users\Paul\.m2\repository\org\jboss\shrinkwrap\descriptors\shrinkwrap-descriptors-api-javaee\2.0.0-alpha-8\shrinkwrap-descriptors-api-javaee-2.0.0-alpha-8.jar;C:\Users\Paul\.m2\repository\org\jboss\shrinkwrap\descriptors\shrinkwrap-descriptors-api-jboss\2.0.0-alpha-8\shrinkwrap-descriptors-api-jboss-2.0.0-alpha-8.jar;C:\Users\Paul\.m2\repository\org\jboss\shrinkwrap\descriptors\shrinkwrap-descriptors-impl-base\2.0.0-alpha-8\shrinkwrap-descriptors-impl-base-2.0.0-alpha-8.jar;C:\Users\Paul\.m2\repository\org\jboss\shrinkwrap\descriptors\shrinkwrap-descriptors-impl-javaee\2.0.0-alpha-8\shrinkwrap-descriptors-impl-javaee-2.0.0-alpha-8.jar;C:\Users\Paul\.m2\repository\org\jboss\shrinkwrap\descriptors\shrinkwrap-descriptors-impl-jboss\2.0.0-alpha-8\shrinkwrap-descriptors-impl-jboss-2.0.0-alpha-8.jar;C:\Users\Paul\.m2\repository\org\glassfish\main\extras\glassfish-embedded-all\4.1.2\glassfish-embedded-all-4.1.2.jar;C:\Program Files\Java\jdk1.8.0_191\jre\..\lib\tools.jar;C:\Users\Paul\.m2\repository\org\jboss\arquillian\container\arquillian-glassfish-embedded-3.1\1.0.0.Final\arquillian-glassfish-embedded-3.1-1.0.0.Final.jar;C:\Users\Paul\.m2\repository\org\jboss\arquillian\protocol\arquillian-protocol-servlet\1.1.10.Final\arquillian-protocol-servlet-1.1.10.Final.jar;C:\Users\Paul\.m2\repository\org\jboss\arquillian\testenricher\arquillian-testenricher-ejb\1.1.10.Final\arquillian-testenricher-ejb-1.1.10.Final.jar;C:\Users\Paul\.m2\repository\org\jboss\arquillian\testenricher\arquillian-testenricher-resource\1.1.10.Final\arquillian-testenricher-resource-1.1.10.Final.jar;C:\Users\Paul\.m2\repository\org\jboss\arquillian\testenricher\arquillian-testenricher-initialcontext\1.1.10.Final\arquillian-testenricher-initialcontext-1.1.10.Final.jar;C:\Users\Paul\.m2\repository\org\jboss\seam\jboss-seam\2.3.5.Final-redhat-1\jboss-seam-2.3.5.Final-redhat-1.jar;C:\Users\Paul\.m2\repository\org\testng\testng\5.14.10\testng-5.14.10.jar;C:\Users\Paul\.m2\repository\org\beanshell\bsh\2.0b4\bsh-2.0b4.jar;C:\Users\Paul\.m2\repository\com\beust\jcommander\1.12\jcommander-1.12.jar;C:\Users\Paul\.m2\repository\junit\junit\4.12\junit-4.12.jar;C:\Users\Paul\.m2\repository\org\hamcrest\hamcrest-core\2.1\hamcrest-core-2.1.jar;C:\Users\Paul\.m2\repository\org\jboss\el\jboss-el\1.0_02.CR6\jboss-el-1.0_02.CR6.jar;C:\Users\Paul\.m2\repository\javax\el\el-api\1.0\el-api-1.0.jar;"/>
    <property name="sun.cpu.endian" value="little"/>
    <property name="user.home" value="C:\Users\Paul"/>
    <property name="user.language" value="de"/>
    <property name="java.specification.vendor" value="Oracle Corporation"/>
    <property name="java.home" value="C:\Program Files\Java\jdk1.8.0_191\jre"/>
    <property name="basedir" value="C:\Users\Paul\Documents\ProDyna\personservicething"/>
    <property name="file.separator" value="\"/>
    <property name="line.separator" value="&#10;"/>
    <property name="java.vm.specification.vendor" value="Oracle Corporation"/>
    <property name="java.specification.name" value="Java Platform API Specification"/>
    <property name="java.awt.graphicsenv" value="sun.awt.Win32GraphicsEnvironment"/>
    <property name="surefire.real.class.path" value="C:\Users\Paul\AppData\Local\Temp\surefire8929474973018850916\surefirebooter7811646838385197483.jar"/>
    <property name="sun.boot.class.path" value="C:\Program Files\Java\jdk1.8.0_191\jre\lib\resources.jar;C:\Program Files\Java\jdk1.8.0_191\jre\lib\rt.jar;C:\Program Files\Java\jdk1.8.0_191\jre\lib\sunrsasign.jar;C:\Program Files\Java\jdk1.8.0_191\jre\lib\jsse.jar;C:\Program Files\Java\jdk1.8.0_191\jre\lib\jce.jar;C:\Program Files\Java\jdk1.8.0_191\jre\lib\charsets.jar;C:\Program Files\Java\jdk1.8.0_191\jre\lib\jfr.jar;C:\Program Files\Java\jdk1.8.0_191\jre\classes"/>
    <property name="user.script" value=""/>
    <property name="sun.management.compiler" value="HotSpot 64-Bit Tiered Compilers"/>
    <property name="java.runtime.version" value="1.8.0_191-b12"/>
    <property name="user.name" value="Paul"/>
    <property name="path.separator" value=";"/>
    <property name="os.version" value="10.0"/>
    <property name="java.endorsed.dirs" value="C:\Program Files\Java\jdk1.8.0_191\jre\lib\endorsed"/>
    <property name="java.runtime.name" value="Java(TM) SE Runtime Environment"/>
    <property name="file.encoding" value="Cp1252"/>
    <property name="java.vm.name" value="Java HotSpot(TM) 64-Bit Server VM"/>
    <property name="localRepository" value="C:\Users\Paul\.m2\repository"/>
    <property name="java.vendor.url.bug" value="http://bugreport.sun.com/bugreport/"/>
    <property name="java.io.tmpdir" value="C:\Users\Paul\AppData\Local\Temp\"/>
    <property name="java.version" value="1.8.0_191"/>
    <property name="user.dir" value="C:\Users\Paul\Documents\ProDyna\personservicething"/>
    <property name="os.arch" value="amd64"/>
    <property name="java.vm.specification.name" value="Java Virtual Machine Specification"/>
    <property name="java.awt.printerjob" value="sun.awt.windows.WPrinterJob"/>
    <property name="sun.os.patch.level" value=""/>
    <property name="java.library.path" value="C:\Program Files\Java\jdk1.8.0_191\jre\bin;C:\Windows\Sun\Java\bin;C:\Windows\system32;C:\Windows;C:/Program Files/Java/jre1.8.0_211/bin/server;C:/Program Files/Java/jre1.8.0_211/bin;C:/Program Files/Java/jre1.8.0_211/lib/amd64;C:\Program Files (x86)\Common Files\Oracle\Java\javapath;C:\Windows\system32;C:\Windows;C:\Windows\System32\Wbem;C:\Windows\System32\WindowsPowerShell\v1.0\;C:\Windows\System32\OpenSSH\;C:\Program Files\NVIDIA Corporation\NVIDIA NGX;C:\Program Files (x86)\NVIDIA Corporation\PhysX\Common;C:\Program Files\Git\cmd;C:\Program Files\PuTTY\;C:\Go\bin;C:\Program Files\nodejs\;C:\Program Files\Apache\apache-maven-3.6.2\bin;C:\Program Files\Python\Scripts\;C:\Program Files\Python\;C:\Users\Paul\AppData\Local\Microsoft\WindowsApps;;C:\Program Files\JetBrains\GoLand 2018.3.5\bin;;C:\Users\Paul\go\bin;E:\Microsoft VS Code\bin;C:\Users\Paul\AppData\Roaming\npm;C:\Windows\system32;;."/>
    <property name="java.vm.info" value="mixed mode"/>
    <property name="java.vendor" value="Oracle Corporation"/>
    <property name="java.vm.version" value="25.191-b12"/>
    <property name="java.ext.dirs" value="C:\Program Files\Java\jdk1.8.0_191\jre\lib\ext;C:\Windows\Sun\Java\lib\ext"/>
    <property name="sun.io.unicode.encoding" value="UnicodeLittle"/>
    <property name="java.class.version" value="52.0"/>
  </properties>
</testsuite>